  Main.c
c:\users\benjamin poile\documents\visual studio 2015\projects\pa5\pa5\main.c(5): warning C4013: 'time' undefined; assuming extern returning int
  Functions.c
c:\users\benjamin poile\documents\visual studio 2015\projects\pa5\pa5\functions.c(5): warning C4996: 'scanf': This function or variable may be unsafe. Consider using scanf_s instead. To disable deprecation, use _CRT_SECURE_NO_WARNINGS. See online help for details.
  c:\program files (x86)\windows kits\10\include\10.0.10240.0\ucrt\stdio.h(1270): note: see declaration of 'scanf'
c:\users\benjamin poile\documents\visual studio 2015\projects\pa5\pa5\functions.c(37): warning C4013: 'turns' undefined; assuming extern returning int
c:\users\benjamin poile\documents\visual studio 2015\projects\pa5\pa5\functions.c(71): warning C4996: 'scanf': This function or variable may be unsafe. Consider using scanf_s instead. To disable deprecation, use _CRT_SECURE_NO_WARNINGS. See online help for details.
  c:\program files (x86)\windows kits\10\include\10.0.10240.0\ucrt\stdio.h(1270): note: see declaration of 'scanf'
c:\users\benjamin poile\documents\visual studio 2015\projects\pa5\pa5\functions.c(79): warning C4996: 'scanf': This function or variable may be unsafe. Consider using scanf_s instead. To disable deprecation, use _CRT_SECURE_NO_WARNINGS. See online help for details.
  c:\program files (x86)\windows kits\10\include\10.0.10240.0\ucrt\stdio.h(1270): note: see declaration of 'scanf'
c:\users\benjamin poile\documents\visual studio 2015\projects\pa5\pa5\functions.c(85): warning C4996: 'scanf': This function or variable may be unsafe. Consider using scanf_s instead. To disable deprecation, use _CRT_SECURE_NO_WARNINGS. See online help for details.
  c:\program files (x86)\windows kits\10\include\10.0.10240.0\ucrt\stdio.h(1270): note: see declaration of 'scanf'
c:\users\benjamin poile\documents\visual studio 2015\projects\pa5\pa5\functions.c(118): warning C4013: 'sum_calculator' undefined; assuming extern returning int
c:\users\benjamin poile\documents\visual studio 2015\projects\pa5\pa5\functions.c(110): warning C4996: 'scanf': This function or variable may be unsafe. Consider using scanf_s instead. To disable deprecation, use _CRT_SECURE_NO_WARNINGS. See online help for details.
  c:\program files (x86)\windows kits\10\include\10.0.10240.0\ucrt\stdio.h(1270): note: see declaration of 'scanf'
  Generating Code...
c:\users\benjamin poile\documents\visual studio 2015\projects\pa5\pa5\functions.c(197): warning C4715: 'determine_score': not all control paths return a value
c:\users\benjamin poile\documents\visual studio 2015\projects\pa5\pa5\functions.c(114): warning C4700: uninitialized local variable 'sum' used
c:\users\benjamin poile\documents\visual studio 2015\projects\pa5\pa5\functions.c(134): warning C4700: uninitialized local variable 'counter' used
  PA5.vcxproj -> C:\Users\Benjamin Poile\documents\visual studio 2015\Projects\PA5\Debug\PA5.exe
  PA5.vcxproj -> C:\Users\Benjamin Poile\documents\visual studio 2015\Projects\PA5\Debug\PA5.pdb (Full PDB)
