  main.c
c:\users\benjamin poile\documents\visual studio 2015\projects\equationevaluator\equationevaluator\main.c(27): warning C4996: 'scanf': This function or variable may be unsafe. Consider using scanf_s instead. To disable deprecation, use _CRT_SECURE_NO_WARNINGS. See online help for details.
  c:\program files (x86)\windows kits\10\include\10.0.10240.0\ucrt\stdio.h(1270): note: see declaration of 'scanf'
c:\users\benjamin poile\documents\visual studio 2015\projects\equationevaluator\equationevaluator\main.c(33): warning C4996: 'scanf': This function or variable may be unsafe. Consider using scanf_s instead. To disable deprecation, use _CRT_SECURE_NO_WARNINGS. See online help for details.
  c:\program files (x86)\windows kits\10\include\10.0.10240.0\ucrt\stdio.h(1270): note: see declaration of 'scanf'
c:\users\benjamin poile\documents\visual studio 2015\projects\equationevaluator\equationevaluator\main.c(40): warning C4996: 'scanf': This function or variable may be unsafe. Consider using scanf_s instead. To disable deprecation, use _CRT_SECURE_NO_WARNINGS. See online help for details.
  c:\program files (x86)\windows kits\10\include\10.0.10240.0\ucrt\stdio.h(1270): note: see declaration of 'scanf'
c:\users\benjamin poile\documents\visual studio 2015\projects\equationevaluator\equationevaluator\main.c(47): warning C4996: 'scanf': This function or variable may be unsafe. Consider using scanf_s instead. To disable deprecation, use _CRT_SECURE_NO_WARNINGS. See online help for details.
  c:\program files (x86)\windows kits\10\include\10.0.10240.0\ucrt\stdio.h(1270): note: see declaration of 'scanf'
c:\users\benjamin poile\documents\visual studio 2015\projects\equationevaluator\equationevaluator\main.c(54): warning C4996: 'scanf': This function or variable may be unsafe. Consider using scanf_s instead. To disable deprecation, use _CRT_SECURE_NO_WARNINGS. See online help for details.
  c:\program files (x86)\windows kits\10\include\10.0.10240.0\ucrt\stdio.h(1270): note: see declaration of 'scanf'
c:\users\benjamin poile\documents\visual studio 2015\projects\equationevaluator\equationevaluator\main.c(61): warning C4996: 'scanf': This function or variable may be unsafe. Consider using scanf_s instead. To disable deprecation, use _CRT_SECURE_NO_WARNINGS. See online help for details.
  c:\program files (x86)\windows kits\10\include\10.0.10240.0\ucrt\stdio.h(1270): note: see declaration of 'scanf'
c:\users\benjamin poile\documents\visual studio 2015\projects\equationevaluator\equationevaluator\main.c(68): warning C4996: 'scanf': This function or variable may be unsafe. Consider using scanf_s instead. To disable deprecation, use _CRT_SECURE_NO_WARNINGS. See online help for details.
  c:\program files (x86)\windows kits\10\include\10.0.10240.0\ucrt\stdio.h(1270): note: see declaration of 'scanf'
c:\users\benjamin poile\documents\visual studio 2015\projects\equationevaluator\equationevaluator\main.c(75): warning C4996: 'scanf': This function or variable may be unsafe. Consider using scanf_s instead. To disable deprecation, use _CRT_SECURE_NO_WARNINGS. See online help for details.
  c:\program files (x86)\windows kits\10\include\10.0.10240.0\ucrt\stdio.h(1270): note: see declaration of 'scanf'
c:\users\benjamin poile\documents\visual studio 2015\projects\equationevaluator\equationevaluator\main.c(83): warning C4996: 'scanf': This function or variable may be unsafe. Consider using scanf_s instead. To disable deprecation, use _CRT_SECURE_NO_WARNINGS. See online help for details.
  c:\program files (x86)\windows kits\10\include\10.0.10240.0\ucrt\stdio.h(1270): note: see declaration of 'scanf'
  equations.c
  Generating Code...
LINK : warning LNK4076: invalid incremental status file 'C:\Users\Benjamin Poile\Documents\Visual Studio 2015\Projects\EquationEvaluator\Debug\EquationEvaluator.ilk' (which will be deleted); linking nonincrementally
equations.obj : warning LNK4075: ignoring '/EDITANDCONTINUE' due to '/OPT:LBR' specification
  EquationEvaluator.vcxproj -> C:\Users\Benjamin Poile\Documents\Visual Studio 2015\Projects\EquationEvaluator\Debug\EquationEvaluator.exe
  EquationEvaluator.vcxproj -> C:\Users\Benjamin Poile\Documents\Visual Studio 2015\Projects\EquationEvaluator\Debug\EquationEvaluator.pdb (Full PDB)
