  Functions.c
c:\users\benjamin poile\documents\visual studio 2015\projects\pa6\pa6\functions.c(42): warning C4047: '=': 'char' differs in levels of indirection from 'char *'
c:\users\benjamin poile\documents\visual studio 2015\projects\pa6\pa6\functions.c(44): warning C4047: '=': 'char' differs in levels of indirection from 'char *'
c:\users\benjamin poile\documents\visual studio 2015\projects\pa6\pa6\functions.c(48): warning C4047: '=': 'char' differs in levels of indirection from 'char *'
c:\users\benjamin poile\documents\visual studio 2015\projects\pa6\pa6\functions.c(99): warning C4013: 'system' undefined; assuming extern returning int
c:\users\benjamin poile\documents\visual studio 2015\projects\pa6\pa6\functions.c(40): warning C4996: 'scanf': This function or variable may be unsafe. Consider using scanf_s instead. To disable deprecation, use _CRT_SECURE_NO_WARNINGS. See online help for details.
  c:\program files (x86)\windows kits\10\include\10.0.10240.0\ucrt\stdio.h(1270): note: see declaration of 'scanf'
c:\users\benjamin poile\documents\visual studio 2015\projects\pa6\pa6\functions.c(57): warning C4996: 'scanf': This function or variable may be unsafe. Consider using scanf_s instead. To disable deprecation, use _CRT_SECURE_NO_WARNINGS. See online help for details.
  c:\program files (x86)\windows kits\10\include\10.0.10240.0\ucrt\stdio.h(1270): note: see declaration of 'scanf'
c:\users\benjamin poile\documents\visual studio 2015\projects\pa6\pa6\functions.c(104): warning C4996: 'scanf': This function or variable may be unsafe. Consider using scanf_s instead. To disable deprecation, use _CRT_SECURE_NO_WARNINGS. See online help for details.
  c:\program files (x86)\windows kits\10\include\10.0.10240.0\ucrt\stdio.h(1270): note: see declaration of 'scanf'
c:\users\benjamin poile\documents\visual studio 2015\projects\pa6\pa6\functions.c(233): warning C4047: '==': 'int' differs in levels of indirection from 'char [2]'
c:\users\benjamin poile\documents\visual studio 2015\projects\pa6\pa6\functions.c(234): warning C4047: '=': 'char' differs in levels of indirection from 'char [2]'
c:\users\benjamin poile\documents\visual studio 2015\projects\pa6\pa6\functions.c(241): warning C4013: 'check_collision' undefined; assuming extern returning int
c:\users\benjamin poile\documents\visual studio 2015\projects\pa6\pa6\functions.c(259): warning C4047: 'return': 'char *' differs in levels of indirection from 'char (*)[10]'
c:\users\benjamin poile\documents\visual studio 2015\projects\pa6\pa6\functions.c(193): warning C4996: 'scanf': This function or variable may be unsafe. Consider using scanf_s instead. To disable deprecation, use _CRT_SECURE_NO_WARNINGS. See online help for details.
  c:\program files (x86)\windows kits\10\include\10.0.10240.0\ucrt\stdio.h(1270): note: see declaration of 'scanf'
c:\users\benjamin poile\documents\visual studio 2015\projects\pa6\pa6\functions.c(207): warning C4996: 'scanf': This function or variable may be unsafe. Consider using scanf_s instead. To disable deprecation, use _CRT_SECURE_NO_WARNINGS. See online help for details.
  c:\program files (x86)\windows kits\10\include\10.0.10240.0\ucrt\stdio.h(1270): note: see declaration of 'scanf'
c:\users\benjamin poile\documents\visual studio 2015\projects\pa6\pa6\functions.c(217): warning C4996: 'scanf': This function or variable may be unsafe. Consider using scanf_s instead. To disable deprecation, use _CRT_SECURE_NO_WARNINGS. See online help for details.
  c:\program files (x86)\windows kits\10\include\10.0.10240.0\ucrt\stdio.h(1270): note: see declaration of 'scanf'
c:\users\benjamin poile\documents\visual studio 2015\projects\pa6\pa6\functions.c(232): warning C4996: 'scanf': This function or variable may be unsafe. Consider using scanf_s instead. To disable deprecation, use _CRT_SECURE_NO_WARNINGS. See online help for details.
  c:\program files (x86)\windows kits\10\include\10.0.10240.0\ucrt\stdio.h(1270): note: see declaration of 'scanf'
c:\users\benjamin poile\documents\visual studio 2015\projects\pa6\pa6\functions.c(267): warning C4013: 'rand' undefined; assuming extern returning int
c:\users\benjamin poile\documents\visual studio 2015\projects\pa6\pa6\functions.c(315): warning C4047: 'return': 'char *' differs in levels of indirection from 'char (*)[10]'
c:\users\benjamin poile\documents\visual studio 2015\projects\pa6\pa6\functions.c(332): warning C4047: '=': 'char (*)[10]' differs in levels of indirection from 'char *'
c:\users\benjamin poile\documents\visual studio 2015\projects\pa6\pa6\functions.c(333): warning C4047: '=': 'char (*)[10]' differs in levels of indirection from 'char *'
c:\users\benjamin poile\documents\visual studio 2015\projects\pa6\pa6\functions.c(334): warning C4047: '=': 'char (*)[10]' differs in levels of indirection from 'char *'
c:\users\benjamin poile\documents\visual studio 2015\projects\pa6\pa6\functions.c(335): warning C4047: '=': 'char (*)[10]' differs in levels of indirection from 'char *'
c:\users\benjamin poile\documents\visual studio 2015\projects\pa6\pa6\functions.c(336): warning C4047: '=': 'char (*)[10]' differs in levels of indirection from 'char *'
c:\users\benjamin poile\documents\visual studio 2015\projects\pa6\pa6\functions.c(338): warning C4047: 'return': 'char *' differs in levels of indirection from 'char (*)[10]'
c:\users\benjamin poile\documents\visual studio 2015\projects\pa6\pa6\functions.c(342): warning C4047: '=': 'char (*)[10]' differs in levels of indirection from 'char *'
c:\users\benjamin poile\documents\visual studio 2015\projects\pa6\pa6\functions.c(343): warning C4047: '=': 'char (*)[10]' differs in levels of indirection from 'char *'
c:\users\benjamin poile\documents\visual studio 2015\projects\pa6\pa6\functions.c(344): warning C4047: '=': 'char (*)[10]' differs in levels of indirection from 'char *'
c:\users\benjamin poile\documents\visual studio 2015\projects\pa6\pa6\functions.c(345): warning C4047: '=': 'char (*)[10]' differs in levels of indirection from 'char *'
c:\users\benjamin poile\documents\visual studio 2015\projects\pa6\pa6\functions.c(346): warning C4047: '=': 'char (*)[10]' differs in levels of indirection from 'char *'
c:\users\benjamin poile\documents\visual studio 2015\projects\pa6\pa6\functions.c(353): warning C4047: 'return': 'char *' differs in levels of indirection from 'char (*)[10]'
  PA6.vcxproj -> C:\Users\Benjamin Poile\Documents\Visual Studio 2015\Projects\PA6\Debug\PA6.exe
  PA6.vcxproj -> C:\Users\Benjamin Poile\Documents\Visual Studio 2015\Projects\PA6\Debug\PA6.pdb (Full PDB)
